2024-06-21 11:31:11 weka.gui.GUIChooserApp main
INFO: Logging started
2024-06-21 11:31:27 weka.gui.GenericObjectEditor registerEditors
INFO: ---Registering Weka Editors---
2024-06-21 11:31:32 weka.experiment.DatabaseUtils initialize
WARNING: Trying to add database driver (JDBC): jdbc.idbDriver - Warning, not in CLASSPATH?
2024-06-21 11:31:32 weka.gui.beans.BeansProperties loadProperties
INFO: [KnowledgeFlow] Loading properties and plugins...
2024-06-21 11:31:32 weka.gui.beans.KnowledgeFlowApp init
INFO: [KnowledgeFlow] Initializing KF...
2024-06-21 11:31:39 weka.gui.explorer.Explorer <init>
INFO: Weka Explorer
2024-06-21 11:31:39 weka.gui.explorer.Explorer <init>
INFO: (c) 1999-2022 The University of Waikato, Hamilton, New Zealand
2024-06-21 11:31:39 weka.gui.explorer.Explorer <init>
INFO: web: https://www.cs.waikato.ac.nz/~ml/weka/
2024-06-21 11:31:39 weka.gui.explorer.Explorer <init>
INFO: Started on Friday, 21 June 2024
2024-06-21 11:32:29 weka.gui.explorer.PreprocessPanel$21 run
INFO: Base relation is now labor-neg-data (57 instances)
2024-06-21 11:34:36 weka.gui.explorer.AttributeSelectionPanel$10 run
INFO: Started weka.attributeSelection.InfoGainAttributeEval
2024-06-21 11:34:36 weka.gui.explorer.AttributeSelectionPanel$10 run
INFO: Command: weka.attributeSelection.InfoGainAttributeEval -s "weka.attributeSelection.Ranker -T -1.7976931348623157E308 -N -1"
2024-06-21 11:34:36 weka.gui.explorer.AttributeSelectionPanel$10 run
INFO: Filter command: weka.filters.supervised.attribute.AttributeSelection -E "weka.attributeSelection.InfoGainAttributeEval " -S "weka.attributeSelection.Ranker -T -1.7976931348623157E308 -N -1"
2024-06-21 11:34:36 weka.gui.explorer.AttributeSelectionPanel$10 run
INFO: Meta-classifier command: weka.classifiers.meta.AttributeSelectedClassifier -E "weka.attributeSelection.InfoGainAttributeEval " -S "weka.attributeSelection.Ranker -T -1.7976931348623157E308 -N -1" -W weka.classifiers.trees.J48 -- -C 0.25 -M 2
2024-06-21 11:34:36 weka.gui.explorer.AttributeSelectionPanel$10 run
INFO: Finished weka.attributeSelection.InfoGainAttributeEval weka.attributeSelection.Ranker
2024-06-21 11:36:08 weka.gui.explorer.AttributeSelectionPanel$10 run
INFO: Started weka.attributeSelection.GainRatioAttributeEval
2024-06-21 11:36:08 weka.gui.explorer.AttributeSelectionPanel$10 run
INFO: Command: weka.attributeSelection.GainRatioAttributeEval -s "weka.attributeSelection.Ranker -T -1.7976931348623157E308 -N -1"
2024-06-21 11:36:08 weka.gui.explorer.AttributeSelectionPanel$10 run
INFO: Filter command: weka.filters.supervised.attribute.AttributeSelection -E "weka.attributeSelection.GainRatioAttributeEval " -S "weka.attributeSelection.Ranker -T -1.7976931348623157E308 -N -1"
2024-06-21 11:36:08 weka.gui.explorer.AttributeSelectionPanel$10 run
INFO: Meta-classifier command: weka.classifiers.meta.AttributeSelectedClassifier -E "weka.attributeSelection.GainRatioAttributeEval " -S "weka.attributeSelection.Ranker -T -1.7976931348623157E308 -N -1" -W weka.classifiers.trees.J48 -- -C 0.25 -M 2
2024-06-21 11:36:08 weka.gui.explorer.AttributeSelectionPanel$10 run
INFO: Finished weka.attributeSelection.GainRatioAttributeEval weka.attributeSelection.Ranker
